2017-04-02 15:36:43,856 [10] ERROR ErrorAppender -  System.Reflection.TargetInvocationException: Exception has been thrown by the target of an invocation. ---> System.ArgumentNullException: text cannot be null
Parameter name: text
   at OpenQA.Selenium.Remote.RemoteWebElement.SendKeys(String text)
   --- End of inner exception stack trace ---
   at System.RuntimeMethodHandle.InvokeMethod(Object target, Object[] arguments, Signature sig, Boolean constructor)
   at System.Reflection.RuntimeMethodInfo.UnsafeInvokeInternal(Object obj, Object[] parameters, Object[] arguments)
   at System.Reflection.RuntimeMethodInfo.Invoke(Object obj, BindingFlags invokeAttr, Binder binder, Object[] parameters, CultureInfo culture)
   at System.Reflection.MethodBase.Invoke(Object obj, Object[] parameters)
   at OpenQA.Selenium.Support.PageObjects.WebDriverObjectProxy.InvokeMethod(IMethodCallMessage msg, Object representedValue)
   at OpenQA.Selenium.Support.PageObjects.WebElementProxy.Invoke(IMessage msg)
   at System.Runtime.Remoting.Proxies.RealProxy.PrivateInvoke(MessageData& msgData, Int32 type)
   at OpenQA.Selenium.IWebElement.SendKeys(String text)
   at ForumTest.ProjectComponent.LoginClass.SignUp(SignUpUser user) in f:\Facultate\Master II\Elemente de programare avansta\Git\Proiect_EPA\Test\ForumTest\ProjectComponent\LoginClass.cs:line 41
   at ForumTest.Test.TestClass.TestSignUp() in f:\Facultate\Master II\Elemente de programare avansta\Git\Proiect_EPA\Test\ForumTest\Test\TestClass.cs:line 56
2017-04-02 15:37:31,952 [10] ERROR ErrorAppender -  System.Reflection.TargetInvocationException: Exception has been thrown by the target of an invocation. ---> System.ArgumentNullException: text cannot be null
Parameter name: text
   at OpenQA.Selenium.Remote.RemoteWebElement.SendKeys(String text)
   --- End of inner exception stack trace ---
   at System.RuntimeMethodHandle.InvokeMethod(Object target, Object[] arguments, Signature sig, Boolean constructor)
   at System.Reflection.RuntimeMethodInfo.UnsafeInvokeInternal(Object obj, Object[] parameters, Object[] arguments)
   at System.Reflection.RuntimeMethodInfo.Invoke(Object obj, BindingFlags invokeAttr, Binder binder, Object[] parameters, CultureInfo culture)
   at System.Reflection.MethodBase.Invoke(Object obj, Object[] parameters)
   at OpenQA.Selenium.Support.PageObjects.WebDriverObjectProxy.InvokeMethod(IMethodCallMessage msg, Object representedValue)
   at OpenQA.Selenium.Support.PageObjects.WebElementProxy.Invoke(IMessage msg)
   at System.Runtime.Remoting.Proxies.RealProxy.PrivateInvoke(MessageData& msgData, Int32 type)
   at OpenQA.Selenium.IWebElement.SendKeys(String text)
   at ForumTest.ProjectComponent.LoginClass.SignUp(SignUpUser user) in f:\Facultate\Master II\Elemente de programare avansta\Git\Proiect_EPA\Test\ForumTest\ProjectComponent\LoginClass.cs:line 41
   at ForumTest.Test.TestClass.TestSignUp() in f:\Facultate\Master II\Elemente de programare avansta\Git\Proiect_EPA\Test\ForumTest\Test\TestClass.cs:line 56
2017-04-02 15:38:32,189 [10] ERROR ErrorAppender -  System.Reflection.TargetInvocationException: Exception has been thrown by the target of an invocation. ---> System.ArgumentNullException: text cannot be null
Parameter name: text
   at OpenQA.Selenium.Remote.RemoteWebElement.SendKeys(String text)
   --- End of inner exception stack trace ---
   at System.RuntimeMethodHandle.InvokeMethod(Object target, Object[] arguments, Signature sig, Boolean constructor)
   at System.Reflection.RuntimeMethodInfo.UnsafeInvokeInternal(Object obj, Object[] parameters, Object[] arguments)
   at System.Reflection.RuntimeMethodInfo.Invoke(Object obj, BindingFlags invokeAttr, Binder binder, Object[] parameters, CultureInfo culture)
   at System.Reflection.MethodBase.Invoke(Object obj, Object[] parameters)
   at OpenQA.Selenium.Support.PageObjects.WebDriverObjectProxy.InvokeMethod(IMethodCallMessage msg, Object representedValue)
   at OpenQA.Selenium.Support.PageObjects.WebElementProxy.Invoke(IMessage msg)
   at System.Runtime.Remoting.Proxies.RealProxy.PrivateInvoke(MessageData& msgData, Int32 type)
   at OpenQA.Selenium.IWebElement.SendKeys(String text)
   at ForumTest.ProjectComponent.LoginClass.SignUp(SignUpUser user) in f:\Facultate\Master II\Elemente de programare avansta\Git\Proiect_EPA\Test\ForumTest\ProjectComponent\LoginClass.cs:line 41
   at ForumTest.Test.TestClass.TestSignUp() in f:\Facultate\Master II\Elemente de programare avansta\Git\Proiect_EPA\Test\ForumTest\Test\TestClass.cs:line 56
2017-04-02 15:39:37,879 [10] ERROR ErrorAppender -  System.Reflection.TargetInvocationException: Exception has been thrown by the target of an invocation. ---> System.ArgumentNullException: text cannot be null
Parameter name: text
   at OpenQA.Selenium.Remote.RemoteWebElement.SendKeys(String text)
   --- End of inner exception stack trace ---
   at System.RuntimeMethodHandle.InvokeMethod(Object target, Object[] arguments, Signature sig, Boolean constructor)
   at System.Reflection.RuntimeMethodInfo.UnsafeInvokeInternal(Object obj, Object[] parameters, Object[] arguments)
   at System.Reflection.RuntimeMethodInfo.Invoke(Object obj, BindingFlags invokeAttr, Binder binder, Object[] parameters, CultureInfo culture)
   at System.Reflection.MethodBase.Invoke(Object obj, Object[] parameters)
   at OpenQA.Selenium.Support.PageObjects.WebDriverObjectProxy.InvokeMethod(IMethodCallMessage msg, Object representedValue)
   at OpenQA.Selenium.Support.PageObjects.WebElementProxy.Invoke(IMessage msg)
   at System.Runtime.Remoting.Proxies.RealProxy.PrivateInvoke(MessageData& msgData, Int32 type)
   at OpenQA.Selenium.IWebElement.SendKeys(String text)
   at ForumTest.ProjectComponent.LoginClass.SignUp(SignUpUser user) in f:\Facultate\Master II\Elemente de programare avansta\Git\Proiect_EPA\Test\ForumTest\ProjectComponent\LoginClass.cs:line 41
   at ForumTest.Test.TestClass.TestSignUp() in f:\Facultate\Master II\Elemente de programare avansta\Git\Proiect_EPA\Test\ForumTest\Test\TestClass.cs:line 56
2017-04-02 19:09:27,969 [10] ERROR ErrorAppender -  System.NotImplementedException: The method or operation is not implemented.
   at ForumTest.ProjectComponent.Panel.Galerie_CLick() in f:\Facultate\Master II\Elemente de programare avansta\Git\Proiect_EPA\Test\ForumTest\ProjectComponent\Panel.cs:line 24
   at ForumTest.Test.TestClass.TestUserStory2() in f:\Facultate\Master II\Elemente de programare avansta\Git\Proiect_EPA\Test\ForumTest\Test\TestClass.cs:line 93
2017-04-02 22:57:10,799 [10] ERROR ErrorAppender -  System.NullReferenceException: Object reference not set to an instance of an object.
   at ForumTest.ProjectComponent.Panel.Galerie_CLick() in f:\Facultate\Master II\Elemente de programare avansta\Git\Proiect_EPA\Test\ForumTest\ProjectComponent\Panel.cs:line 24
   at ForumTest.Test.TestClass.TestUserStory5() in f:\Facultate\Master II\Elemente de programare avansta\Git\Proiect_EPA\Test\ForumTest\Test\TestClass.cs:line 161
2017-04-02 23:11:21,796 [10] ERROR ErrorAppender -  System.InvalidCastException: Unable to cast object of type 'System.Collections.ObjectModel.ReadOnlyCollection`1[System.Object]' to type 'OpenQA.Selenium.IWebElement'.
   at ForumTest.SeleniumComponent.SeleniumGetMethods.GetNextSibling(IWebElement webElement) in f:\Facultate\Master II\Elemente de programare avansta\Git\Proiect_EPA\Test\ForumTest\SeleniumComponent\SeleniumGetMethods.cs:line 69
   at ForumTest.Test.TestClass.TestUserStory5() in f:\Facultate\Master II\Elemente de programare avansta\Git\Proiect_EPA\Test\ForumTest\Test\TestClass.cs:line 163
2017-04-02 23:14:47,801 [11] ERROR ErrorAppender -  System.InvalidOperationException: unknown error: Cannot read property 'firstChild' of null
  (Session info: chrome=57.0.2987.133)
  (Driver info: chromedriver=2.24.417431 (9aea000394714d2fbb20850021f6204f2256b9cf),platform=Windows NT 10.0.14393 x86_64)
   at OpenQA.Selenium.Remote.RemoteWebDriver.UnpackAndThrowOnError(Response errorResponse)
   at OpenQA.Selenium.Remote.RemoteWebDriver.Execute(String driverCommandToExecute, Dictionary`2 parameters)
   at OpenQA.Selenium.Remote.RemoteWebDriver.ExecuteScriptCommand(String script, String commandName, Object[] args)
   at OpenQA.Selenium.Remote.RemoteWebDriver.ExecuteScript(String script, Object[] args)
   at ForumTest.SeleniumComponent.SeleniumGetMethods.GetFirstChild(IWebElement webElement) in f:\Facultate\Master II\Elemente de programare avansta\Git\Proiect_EPA\Test\ForumTest\SeleniumComponent\SeleniumGetMethods.cs:line 83
   at ForumTest.Test.TestClass.TestUserStory5() in f:\Facultate\Master II\Elemente de programare avansta\Git\Proiect_EPA\Test\ForumTest\Test\TestClass.cs:line 164
2017-04-02 23:17:58,865 [10] ERROR ErrorAppender -  System.InvalidOperationException: unknown error: arguments[0].nextSibling is not a function
  (Session info: chrome=57.0.2987.133)
  (Driver info: chromedriver=2.24.417431 (9aea000394714d2fbb20850021f6204f2256b9cf),platform=Windows NT 10.0.14393 x86_64)
   at OpenQA.Selenium.Remote.RemoteWebDriver.UnpackAndThrowOnError(Response errorResponse)
   at OpenQA.Selenium.Remote.RemoteWebDriver.Execute(String driverCommandToExecute, Dictionary`2 parameters)
   at OpenQA.Selenium.Remote.RemoteWebDriver.ExecuteScriptCommand(String script, String commandName, Object[] args)
   at OpenQA.Selenium.Remote.RemoteWebDriver.ExecuteScript(String script, Object[] args)
   at ForumTest.SeleniumComponent.SeleniumGetMethods.GetNextSibling(IWebElement webElement) in f:\Facultate\Master II\Elemente de programare avansta\Git\Proiect_EPA\Test\ForumTest\SeleniumComponent\SeleniumGetMethods.cs:line 69
   at ForumTest.Test.TestClass.TestUserStory5() in f:\Facultate\Master II\Elemente de programare avansta\Git\Proiect_EPA\Test\ForumTest\Test\TestClass.cs:line 163
2017-04-02 23:42:50,738 [10] ERROR ErrorAppender -  OpenQA.Selenium.WebDriverException: The HTTP request to the remote WebDriver server for URL http://localhost:61839/session/09e2bd21c4f4e7f7529b07d80cb4c009/element/0.15458528758773227-1/element timed out after 60 seconds. ---> System.Net.WebException: The operation has timed out
   at System.Net.HttpWebRequest.GetResponse()
   at OpenQA.Selenium.Remote.HttpCommandExecutor.CreateResponse(WebRequest request)
   --- End of inner exception stack trace ---
   at OpenQA.Selenium.Remote.HttpCommandExecutor.CreateResponse(WebRequest request)
   at OpenQA.Selenium.Remote.HttpCommandExecutor.Execute(Command commandToExecute)
   at OpenQA.Selenium.Remote.DriverServiceCommandExecutor.Execute(Command commandToExecute)
   at OpenQA.Selenium.Remote.RemoteWebDriver.Execute(String driverCommandToExecute, Dictionary`2 parameters)
   at OpenQA.Selenium.Remote.RemoteWebDriver.InternalExecute(String driverCommandToExecute, Dictionary`2 parameters)
   at OpenQA.Selenium.Remote.RemoteWebElement.Execute(String commandToExecute, Dictionary`2 parameters)
   at OpenQA.Selenium.Remote.RemoteWebElement.FindElement(String mechanism, String value)
   at OpenQA.Selenium.Remote.RemoteWebElement.FindElementByXPath(String xpath)
   at OpenQA.Selenium.By.<>c__DisplayClasse.<XPath>b__c(ISearchContext context)
   at OpenQA.Selenium.By.FindElement(ISearchContext context)
   at OpenQA.Selenium.Remote.RemoteWebElement.FindElement(By by)
   at ForumTest.SeleniumComponent.SeleniumGetMethods.GetNextSibling(IWebElement webElement) in f:\Facultate\Master II\Elemente de programare avansta\Git\Proiect_EPA\Test\ForumTest\SeleniumComponent\SeleniumGetMethods.cs:line 72
   at ForumTest.Test.TestClass.TestUserStory5() in f:\Facultate\Master II\Elemente de programare avansta\Git\Proiect_EPA\Test\ForumTest\Test\TestClass.cs:line 163
2017-04-02 23:53:22,541 [10] ERROR ErrorAppender -  OpenQA.Selenium.WebDriverException: The HTTP request to the remote WebDriver server for URL http://localhost:62652/session/48aabd9b01d45e7b762210e7cbc7520c/element/0.18815799657646815-1/element timed out after 60 seconds. ---> System.Net.WebException: The operation has timed out
   at System.Net.HttpWebRequest.GetResponse()
   at OpenQA.Selenium.Remote.HttpCommandExecutor.CreateResponse(WebRequest request)
   --- End of inner exception stack trace ---
   at OpenQA.Selenium.Remote.HttpCommandExecutor.CreateResponse(WebRequest request)
   at OpenQA.Selenium.Remote.HttpCommandExecutor.Execute(Command commandToExecute)
   at OpenQA.Selenium.Remote.DriverServiceCommandExecutor.Execute(Command commandToExecute)
   at OpenQA.Selenium.Remote.RemoteWebDriver.Execute(String driverCommandToExecute, Dictionary`2 parameters)
   at OpenQA.Selenium.Remote.RemoteWebDriver.InternalExecute(String driverCommandToExecute, Dictionary`2 parameters)
   at OpenQA.Selenium.Remote.RemoteWebElement.Execute(String commandToExecute, Dictionary`2 parameters)
   at OpenQA.Selenium.Remote.RemoteWebElement.FindElement(String mechanism, String value)
   at OpenQA.Selenium.Remote.RemoteWebElement.FindElementByXPath(String xpath)
   at OpenQA.Selenium.By.<>c__DisplayClasse.<XPath>b__c(ISearchContext context)
   at OpenQA.Selenium.By.FindElement(ISearchContext context)
   at OpenQA.Selenium.Remote.RemoteWebElement.FindElement(By by)
   at ForumTest.SeleniumComponent.SeleniumGetMethods.GetNextSibling(IWebElement webElement) in f:\Facultate\Master II\Elemente de programare avansta\Git\Proiect_EPA\Test\ForumTest\SeleniumComponent\SeleniumGetMethods.cs:line 72
   at ForumTest.Test.TestClass.TestUserStory5() in f:\Facultate\Master II\Elemente de programare avansta\Git\Proiect_EPA\Test\ForumTest\Test\TestClass.cs:line 163
